<?xml version="1.0" encoding="UTF-8"?>
<testsuite xmlns:xsi="http://www.w3.org/2001/XMLSchema-instance" xsi:noNamespaceSchemaLocation="https://maven.apache.org/surefire/maven-surefire-plugin/xsd/surefire-test-report-3.0.xsd" version="3.0" name="TTTGameTest" time="0.114" tests="14" errors="0" skipped="0" failures="0">
  <properties>
[...]
</properties>
  <testcase name="boardMustBeEmpty" classname="TTTGameTest" time="0.004"/>
  <testcase name="gameBoardColumnMustBe3" classname="TTTGameTest" time="0.01"/>
  <testcase name="playerMustBeAbleToWinOnColumns(int)[1]" classname="TTTGameTest" time="0.005">
    <system-out><![CDATA[x|*|*|
x|*|*|
x|*|*|
]]></system-out>
  </testcase>
  <testcase name="playerMustBeAbleToWinOnColumns(int)[2]" classname="TTTGameTest" time="0.004">
    <system-out><![CDATA[*|x|*|
*|x|*|
*|x|*|
]]></system-out>
  </testcase>
  <testcase name="playerMustBeAbleToWinOnColumns(int)[3]" classname="TTTGameTest" time="0.002">
    <system-out><![CDATA[*|*|x|
*|*|x|
*|*|x|
]]></system-out>
  </testcase>
  <testcase name="computerMustPlaceCircleOnEmptyFieldAfterPlayersTurn" classname="TTTGameTest" time="0.001">
    <system-out><![CDATA[o|*|*|
*|*|*|
*|*|*|
]]></system-out>
  </testcase>
  <testcase name="playerMustBeAbleToWinOnRows(int)[1]" classname="TTTGameTest" time="0.002">
    <system-out><![CDATA[x|x|x|
*|*|*|
*|*|*|
]]></system-out>
  </testcase>
  <testcase name="playerMustBeAbleToWinOnRows(int)[2]" classname="TTTGameTest" time="0.001">
    <system-out><![CDATA[*|*|*|
x|x|x|
*|*|*|
]]></system-out>
  </testcase>
  <testcase name="playerMustBeAbleToWinOnRows(int)[3]" classname="TTTGameTest" time="0.021">
    <system-out><![CDATA[*|*|*|
*|*|*|
x|x|x|
]]></system-out>
  </testcase>
  <testcase name="playerMustBeAbleToWinOnDiagonalsFromLowerLeft" classname="TTTGameTest" time="0.004">
    <system-out><![CDATA[*|*|x|
*|x|*|
x|*|*|
]]></system-out>
  </testcase>
  <testcase name="gameBoardRowMustBe3" classname="TTTGameTest" time="0.001"/>
  <testcase name="playerMustBeAbleToWinOnDiagonalsFromUpperLeft" classname="TTTGameTest" time="0.003">
    <system-out><![CDATA[x|*|*|
*|x|*|
*|*|x|
]]></system-out>
  </testcase>
  <testcase name="playerMustPlaceCharOnBoard" classname="TTTGameTest" time="0"/>
  <testcase name="mustThrowExceptionWhenFieldIsNotEmpty" classname="TTTGameTest" time="0.003"/>
</testsuite>